build/app/intermediates/manifest_merge_blame_file/release/manifest-merger-blame-release-report.txt
1<?xml version="1.0" encoding="utf-8"?>
2<manifest xmlns:android="http://schemas.android.com/apk/res/android"
3    package="com.example.keri_challenge"
4    android:versionCode="1"
5    android:versionName="1.0.0" >
6
7    <uses-sdk
8        android:minSdkVersion="20"
8-->src/main/AndroidManifest.xml
9        android:targetSdkVersion="33" />
9-->src/main/AndroidManifest.xml
10
11    <uses-permission android:name="android.permission.ACCESS_COARSE_LOCATION" />
11-->src/main/AndroidManifest.xml:3:5-80
11-->src/main/AndroidManifest.xml:3:22-78
12    <uses-permission android:name="android.permission.ACCESS_FINE_LOCATION" />
12-->src/main/AndroidManifest.xml:4:5-78
12-->src/main/AndroidManifest.xml:4:22-76
13    <uses-permission android:name="android.permission.ACCESS_BACKGROUND_LOCATION" />
13-->src/main/AndroidManifest.xml:5:5-84
13-->src/main/AndroidManifest.xml:5:22-82
14    <uses-permission android:name="android.permission.ACCESS_COARSE_LOCATION" />
14-->src/main/AndroidManifest.xml:3:5-80
14-->src/main/AndroidManifest.xml:3:22-78
15    <uses-permission android:name="android.permission.SET_TIME_ZONE" />
15-->src/main/AndroidManifest.xml:7:5-8:47
15-->src/main/AndroidManifest.xml:7:22-69
16    <uses-permission android:name="android.permission.INTERNET" />
16-->src/main/AndroidManifest.xml:9:5-66
16-->src/main/AndroidManifest.xml:9:22-64
17    <uses-permission android:name="android.permission.ACCESS_NETWORK_STATE" />
17-->[:firebase_analytics] AndroidManifest.xml:7:5-79
17-->[:firebase_analytics] AndroidManifest.xml:7:22-76
18    <uses-permission android:name="android.permission.WAKE_LOCK" /> <!-- Permissions options for the `notification` group -->
18-->[:firebase_analytics] AndroidManifest.xml:9:5-68
18-->[:firebase_analytics] AndroidManifest.xml:9:22-65
19    <uses-permission android:name="android.permission.POST_NOTIFICATIONS" />
19-->[:firebase_messaging] AndroidManifest.xml:11:5-77
19-->[:firebase_messaging] AndroidManifest.xml:11:22-74
20    <uses-permission android:name="android.permission.VIBRATE" />
20-->[:flutter_local_notifications] AndroidManifest.xml:7:5-66
20-->[:flutter_local_notifications] AndroidManifest.xml:7:22-63
21
22    <queries>
22-->[:map_launcher] AndroidManifest.xml:7:5-23:15
23        <package android:name="com.google.android.apps.maps" />
23-->[:map_launcher] AndroidManifest.xml:8:9-64
23-->[:map_launcher] AndroidManifest.xml:8:18-61
24        <package android:name="com.google.android.apps.mapslite" />
24-->[:map_launcher] AndroidManifest.xml:9:9-68
24-->[:map_launcher] AndroidManifest.xml:9:18-65
25        <package android:name="com.autonavi.minimap" />
25-->[:map_launcher] AndroidManifest.xml:10:9-56
25-->[:map_launcher] AndroidManifest.xml:10:18-53
26        <package android:name="com.baidu.BaiduMap" />
26-->[:map_launcher] AndroidManifest.xml:11:9-54
26-->[:map_launcher] AndroidManifest.xml:11:18-51
27        <package android:name="com.waze" />
27-->[:map_launcher] AndroidManifest.xml:12:9-44
27-->[:map_launcher] AndroidManifest.xml:12:18-41
28        <package android:name="ru.yandex.yandexnavi" />
28-->[:map_launcher] AndroidManifest.xml:13:9-56
28-->[:map_launcher] AndroidManifest.xml:13:18-53
29        <package android:name="ru.yandex.yandexmaps" />
29-->[:map_launcher] AndroidManifest.xml:14:9-56
29-->[:map_launcher] AndroidManifest.xml:14:18-53
30        <package android:name="com.citymapper.app.release" />
30-->[:map_launcher] AndroidManifest.xml:15:9-62
30-->[:map_launcher] AndroidManifest.xml:15:18-59
31        <package android:name="com.mapswithme.maps.pro" />
31-->[:map_launcher] AndroidManifest.xml:16:9-59
31-->[:map_launcher] AndroidManifest.xml:16:18-56
32        <package android:name="net.osmand" />
32-->[:map_launcher] AndroidManifest.xml:17:9-46
32-->[:map_launcher] AndroidManifest.xml:17:18-43
33        <package android:name="net.osmand.plus" />
33-->[:map_launcher] AndroidManifest.xml:18:9-51
33-->[:map_launcher] AndroidManifest.xml:18:18-48
34        <package android:name="ru.dublgis.dgismobile" />
34-->[:map_launcher] AndroidManifest.xml:19:9-57
34-->[:map_launcher] AndroidManifest.xml:19:18-54
35        <package android:name="com.tencent.map" />
35-->[:map_launcher] AndroidManifest.xml:20:9-51
35-->[:map_launcher] AndroidManifest.xml:20:18-48
36        <package android:name="com.here.app.maps" />
36-->[:map_launcher] AndroidManifest.xml:21:9-53
36-->[:map_launcher] AndroidManifest.xml:21:18-50
37        <package android:name="com.huawei.maps.app" />
37-->[:map_launcher] AndroidManifest.xml:22:9-55
37-->[:map_launcher] AndroidManifest.xml:22:18-52
38    </queries>
39
40    <uses-feature
40-->[com.google.android.gms:play-services-maps:18.1.0] AndroidManifest.xml:26:5-28:35
41        android:glEsVersion="0x00020000"
41-->[com.google.android.gms:play-services-maps:18.1.0] AndroidManifest.xml:27:9-41
42        android:required="true" /> <!-- Required by older versions of Google Play services to create IID tokens -->
42-->[com.google.android.gms:play-services-maps:18.1.0] AndroidManifest.xml:28:9-32
43    <uses-permission android:name="com.google.android.c2dm.permission.RECEIVE" />
43-->[com.google.firebase:firebase-iid:21.1.0] AndroidManifest.xml:26:5-82
43-->[com.google.firebase:firebase-iid:21.1.0] AndroidManifest.xml:26:22-79
44    <uses-permission android:name="com.google.android.gms.permission.AD_ID" />
44-->[com.google.android.gms:play-services-measurement-api:21.3.0] AndroidManifest.xml:25:5-79
44-->[com.google.android.gms:play-services-measurement-api:21.3.0] AndroidManifest.xml:25:22-76
45    <uses-permission android:name="com.google.android.finsky.permission.BIND_GET_INSTALL_REFERRER_SERVICE" />
45-->[com.google.android.gms:play-services-measurement:21.3.0] AndroidManifest.xml:26:5-110
45-->[com.google.android.gms:play-services-measurement:21.3.0] AndroidManifest.xml:26:22-107
46
47    <permission
47-->[androidx.core:core:1.9.0] AndroidManifest.xml:22:5-24:47
48        android:name="com.example.keri_challenge.DYNAMIC_RECEIVER_NOT_EXPORTED_PERMISSION"
48-->[androidx.core:core:1.9.0] AndroidManifest.xml:23:9-81
49        android:protectionLevel="signature" />
49-->[androidx.core:core:1.9.0] AndroidManifest.xml:24:9-44
50
51    <uses-permission android:name="com.example.keri_challenge.DYNAMIC_RECEIVER_NOT_EXPORTED_PERMISSION" />
51-->[androidx.core:core:1.9.0] AndroidManifest.xml:26:5-97
51-->[androidx.core:core:1.9.0] AndroidManifest.xml:26:22-94
52
53    <application
54        android:name="android.app.Application"
54-->src/main/AndroidManifest.xml:13:9-42
55        android:appComponentFactory="androidx.core.app.CoreComponentFactory"
55-->[androidx.core:core:1.9.0] AndroidManifest.xml:28:18-86
56        android:icon="@mipmap/ic_launcher"
56-->src/main/AndroidManifest.xml:15:9-43
57        android:label="keri_challenge"
57-->src/main/AndroidManifest.xml:12:9-39
58        android:networkSecurityConfig="@xml/network_security_config" >
58-->src/main/AndroidManifest.xml:14:9-69
59        <meta-data
60            android:name="com.google.android.geo.API_KEY"
60-->src/main/AndroidManifest.xml:17:13-58
61            android:value="AIzaSyAORtYhclWmVTCjaK9-rDJmNx0A4U7O7qY" />
61-->src/main/AndroidManifest.xml:18:13-44
62
63        <activity
63-->src/main/AndroidManifest.xml:20:9-43:20
64            android:name="com.example.keri_challenge.MainActivity"
64-->src/main/AndroidManifest.xml:21:13-41
65            android:configChanges="orientation|keyboardHidden|keyboard|screenSize|smallestScreenSize|locale|layoutDirection|fontScale|screenLayout|density|uiMode"
65-->src/main/AndroidManifest.xml:25:13-163
66            android:exported="true"
66-->src/main/AndroidManifest.xml:22:13-36
67            android:hardwareAccelerated="true"
67-->src/main/AndroidManifest.xml:26:13-47
68            android:launchMode="singleTop"
68-->src/main/AndroidManifest.xml:23:13-43
69            android:theme="@style/LaunchTheme"
69-->src/main/AndroidManifest.xml:24:13-47
70            android:windowSoftInputMode="adjustResize" >
70-->src/main/AndroidManifest.xml:27:13-55
71
72            <!--
73                 Specifies an Android theme to apply to this Activity as soon as
74                 the Android process has started. This theme is visible to the user
75                 while the Flutter UI initializes. After that, this theme continues
76                 to determine the Window background behind the Flutter UI.
77            -->
78            <meta-data
78-->src/main/AndroidManifest.xml:32:13-35:17
79                android:name="io.flutter.embedding.android.NormalTheme"
79-->src/main/AndroidManifest.xml:33:15-70
80                android:resource="@style/NormalTheme" />
80-->src/main/AndroidManifest.xml:34:15-52
81
82            <intent-filter>
82-->src/main/AndroidManifest.xml:37:13-42:29
83                <action android:name="android.intent.action.MAIN" />
83-->src/main/AndroidManifest.xml:38:17-68
83-->src/main/AndroidManifest.xml:38:25-66
84
85                <category android:name="android.intent.category.LAUNCHER" />
85-->src/main/AndroidManifest.xml:39:17-76
85-->src/main/AndroidManifest.xml:39:27-74
86
87                <action android:name="FLUTTER_NOTIFICATION_CLICK" />
87-->src/main/AndroidManifest.xml:40:17-69
87-->src/main/AndroidManifest.xml:40:25-66
88
89                <category android:name="android.intent.category.DEFAULT" />
89-->src/main/AndroidManifest.xml:41:17-76
89-->src/main/AndroidManifest.xml:41:27-73
90            </intent-filter>
91        </activity>
92        <!--
93             Don't delete the meta-data below.
94             This is used by the Flutter tool to generate GeneratedPluginRegistrant.java
95        -->
96        <meta-data
96-->src/main/AndroidManifest.xml:46:9-48:33
97            android:name="flutterEmbedding"
97-->src/main/AndroidManifest.xml:47:13-44
98            android:value="2" />
98-->src/main/AndroidManifest.xml:48:13-30
99        <meta-data
99-->src/main/AndroidManifest.xml:49:9-51:55
100            android:name="com.google.firebase.messaging.default_notification_channel_id"
100-->src/main/AndroidManifest.xml:50:13-89
101            android:value="high_importance_channel" />
101-->src/main/AndroidManifest.xml:51:13-52
102
103        <service
103-->[:firebase_database] AndroidManifest.xml:8:9-12:19
104            android:name="com.google.firebase.components.ComponentDiscoveryService"
104-->[:firebase_database] AndroidManifest.xml:8:18-89
105            android:directBootAware="true"
105-->[com.google.firebase:firebase-common:20.3.3] AndroidManifest.xml:34:13-43
106            android:exported="false" >
106-->[com.google.firebase:firebase-auth:22.1.2] AndroidManifest.xml:68:13-37
107            <meta-data
107-->[:firebase_database] AndroidManifest.xml:9:13-11:85
108                android:name="com.google.firebase.components:io.flutter.plugins.firebase.database.FlutterFirebaseAppRegistrar"
108-->[:firebase_database] AndroidManifest.xml:10:17-127
109                android:value="com.google.firebase.components.ComponentRegistrar" />
109-->[:firebase_database] AndroidManifest.xml:11:17-82
110            <meta-data
110-->[:firebase_analytics] AndroidManifest.xml:13:13-15:85
111                android:name="com.google.firebase.components:io.flutter.plugins.firebase.analytics.FlutterFirebaseAppRegistrar"
111-->[:firebase_analytics] AndroidManifest.xml:14:17-128
112                android:value="com.google.firebase.components.ComponentRegistrar" />
112-->[:firebase_analytics] AndroidManifest.xml:15:17-82
113            <meta-data
113-->[:firebase_auth] AndroidManifest.xml:9:13-11:85
114                android:name="com.google.firebase.components:io.flutter.plugins.firebase.auth.FlutterFirebaseAuthRegistrar"
114-->[:firebase_auth] AndroidManifest.xml:10:17-124
115                android:value="com.google.firebase.components.ComponentRegistrar" />
115-->[:firebase_auth] AndroidManifest.xml:11:17-82
116            <meta-data
116-->[:firebase_messaging] AndroidManifest.xml:36:13-38:85
117                android:name="com.google.firebase.components:io.flutter.plugins.firebase.messaging.FlutterFirebaseAppRegistrar"
117-->[:firebase_messaging] AndroidManifest.xml:37:17-128
118                android:value="com.google.firebase.components.ComponentRegistrar" />
118-->[:firebase_messaging] AndroidManifest.xml:38:17-82
119            <meta-data
119-->[:firebase_core] AndroidManifest.xml:9:13-11:85
120                android:name="com.google.firebase.components:io.flutter.plugins.firebase.core.FlutterFirebaseCoreRegistrar"
120-->[:firebase_core] AndroidManifest.xml:10:17-124
121                android:value="com.google.firebase.components.ComponentRegistrar" />
121-->[:firebase_core] AndroidManifest.xml:11:17-82
122            <meta-data
122-->[com.google.firebase:firebase-auth:22.1.2] AndroidManifest.xml:69:13-71:85
123                android:name="com.google.firebase.components:com.google.firebase.auth.FirebaseAuthRegistrar"
123-->[com.google.firebase:firebase-auth:22.1.2] AndroidManifest.xml:70:17-109
124                android:value="com.google.firebase.components.ComponentRegistrar" />
124-->[com.google.firebase:firebase-auth:22.1.2] AndroidManifest.xml:71:17-82
125            <meta-data
125-->[com.google.firebase:firebase-iid:21.1.0] AndroidManifest.xml:32:13-34:85
126                android:name="com.google.firebase.components:com.google.firebase.iid.Registrar"
126-->[com.google.firebase:firebase-iid:21.1.0] AndroidManifest.xml:33:17-96
127                android:value="com.google.firebase.components.ComponentRegistrar" />
127-->[com.google.firebase:firebase-iid:21.1.0] AndroidManifest.xml:34:17-82
128            <meta-data
128-->[com.google.firebase:firebase-database:20.2.2] AndroidManifest.xml:31:13-33:85
129                android:name="com.google.firebase.components:com.google.firebase.database.DatabaseRegistrar"
129-->[com.google.firebase:firebase-database:20.2.2] AndroidManifest.xml:32:17-109
130                android:value="com.google.firebase.components.ComponentRegistrar" />
130-->[com.google.firebase:firebase-database:20.2.2] AndroidManifest.xml:33:17-82
131            <meta-data
131-->[com.google.firebase:firebase-messaging:23.2.1] AndroidManifest.xml:53:13-55:85
132                android:name="com.google.firebase.components:com.google.firebase.messaging.FirebaseMessagingRegistrar"
132-->[com.google.firebase:firebase-messaging:23.2.1] AndroidManifest.xml:54:17-119
133                android:value="com.google.firebase.components.ComponentRegistrar" />
133-->[com.google.firebase:firebase-messaging:23.2.1] AndroidManifest.xml:55:17-82
134            <meta-data
134-->[com.google.android.gms:play-services-measurement-api:21.3.0] AndroidManifest.xml:31:13-33:85
135                android:name="com.google.firebase.components:com.google.firebase.analytics.connector.internal.AnalyticsConnectorRegistrar"
135-->[com.google.android.gms:play-services-measurement-api:21.3.0] AndroidManifest.xml:32:17-139
136                android:value="com.google.firebase.components.ComponentRegistrar" />
136-->[com.google.android.gms:play-services-measurement-api:21.3.0] AndroidManifest.xml:33:17-82
137            <meta-data
137-->[com.google.firebase:firebase-installations:17.1.4] AndroidManifest.xml:15:13-17:85
138                android:name="com.google.firebase.components:com.google.firebase.installations.FirebaseInstallationsRegistrar"
138-->[com.google.firebase:firebase-installations:17.1.4] AndroidManifest.xml:16:17-127
139                android:value="com.google.firebase.components.ComponentRegistrar" />
139-->[com.google.firebase:firebase-installations:17.1.4] AndroidManifest.xml:17:17-82
140            <meta-data
140-->[com.google.firebase:firebase-datatransport:18.1.7] AndroidManifest.xml:27:13-29:85
141                android:name="com.google.firebase.components:com.google.firebase.datatransport.TransportRegistrar"
141-->[com.google.firebase:firebase-datatransport:18.1.7] AndroidManifest.xml:28:17-115
142                android:value="com.google.firebase.components.ComponentRegistrar" />
142-->[com.google.firebase:firebase-datatransport:18.1.7] AndroidManifest.xml:29:17-82
143        </service>
144        <service
144-->[:firebase_messaging] AndroidManifest.xml:14:9-17:72
145            android:name="io.flutter.plugins.firebase.messaging.FlutterFirebaseMessagingBackgroundService"
145-->[:firebase_messaging] AndroidManifest.xml:15:13-107
146            android:exported="false"
146-->[:firebase_messaging] AndroidManifest.xml:16:13-37
147            android:permission="android.permission.BIND_JOB_SERVICE" />
147-->[:firebase_messaging] AndroidManifest.xml:17:13-69
148        <service
148-->[:firebase_messaging] AndroidManifest.xml:18:9-24:19
149            android:name="io.flutter.plugins.firebase.messaging.FlutterFirebaseMessagingService"
149-->[:firebase_messaging] AndroidManifest.xml:19:13-97
150            android:exported="false" >
150-->[:firebase_messaging] AndroidManifest.xml:20:13-37
151            <intent-filter>
151-->[:firebase_messaging] AndroidManifest.xml:21:13-23:29
152                <action android:name="com.google.firebase.MESSAGING_EVENT" />
152-->[:firebase_messaging] AndroidManifest.xml:22:17-78
152-->[:firebase_messaging] AndroidManifest.xml:22:25-75
153            </intent-filter>
154        </service>
155
156        <receiver
156-->[:firebase_messaging] AndroidManifest.xml:26:9-33:20
157            android:name="io.flutter.plugins.firebase.messaging.FlutterFirebaseMessagingReceiver"
157-->[:firebase_messaging] AndroidManifest.xml:27:13-98
158            android:exported="true"
158-->[:firebase_messaging] AndroidManifest.xml:28:13-36
159            android:permission="com.google.android.c2dm.permission.SEND" >
159-->[:firebase_messaging] AndroidManifest.xml:29:13-73
160            <intent-filter>
160-->[:firebase_messaging] AndroidManifest.xml:30:13-32:29
161                <action android:name="com.google.android.c2dm.intent.RECEIVE" />
161-->[:firebase_messaging] AndroidManifest.xml:31:17-81
161-->[:firebase_messaging] AndroidManifest.xml:31:25-78
162            </intent-filter>
163        </receiver>
164
165        <provider
165-->[:firebase_messaging] AndroidManifest.xml:41:9-45:38
166            android:name="io.flutter.plugins.firebase.messaging.FlutterFirebaseMessagingInitProvider"
166-->[:firebase_messaging] AndroidManifest.xml:42:13-102
167            android:authorities="com.example.keri_challenge.flutterfirebasemessaginginitprovider"
167-->[:firebase_messaging] AndroidManifest.xml:43:13-88
168            android:exported="false"
168-->[:firebase_messaging] AndroidManifest.xml:44:13-37
169            android:initOrder="99" />
169-->[:firebase_messaging] AndroidManifest.xml:45:13-35
170
171        <service
171-->[:geolocator_android] AndroidManifest.xml:8:9-12:56
172            android:name="com.baseflow.geolocator.GeolocatorLocationService"
172-->[:geolocator_android] AndroidManifest.xml:9:13-77
173            android:enabled="true"
173-->[:geolocator_android] AndroidManifest.xml:10:13-35
174            android:exported="false"
174-->[:geolocator_android] AndroidManifest.xml:11:13-37
175            android:foregroundServiceType="location" />
175-->[:geolocator_android] AndroidManifest.xml:12:13-53
176
177        <activity
177-->[com.google.firebase:firebase-auth:22.1.2] AndroidManifest.xml:29:9-46:20
178            android:name="com.google.firebase.auth.internal.GenericIdpActivity"
178-->[com.google.firebase:firebase-auth:22.1.2] AndroidManifest.xml:30:13-80
179            android:excludeFromRecents="true"
179-->[com.google.firebase:firebase-auth:22.1.2] AndroidManifest.xml:31:13-46
180            android:exported="true"
180-->[com.google.firebase:firebase-auth:22.1.2] AndroidManifest.xml:32:13-36
181            android:launchMode="singleTask"
181-->[com.google.firebase:firebase-auth:22.1.2] AndroidManifest.xml:33:13-44
182            android:theme="@android:style/Theme.Translucent.NoTitleBar" >
182-->[com.google.firebase:firebase-auth:22.1.2] AndroidManifest.xml:34:13-72
183            <intent-filter>
183-->[com.google.firebase:firebase-auth:22.1.2] AndroidManifest.xml:35:13-45:29
184                <action android:name="android.intent.action.VIEW" />
184-->[com.google.firebase:firebase-auth:22.1.2] AndroidManifest.xml:36:17-69
184-->[com.google.firebase:firebase-auth:22.1.2] AndroidManifest.xml:36:25-66
185
186                <category android:name="android.intent.category.DEFAULT" />
186-->src/main/AndroidManifest.xml:41:17-76
186-->src/main/AndroidManifest.xml:41:27-73
187                <category android:name="android.intent.category.BROWSABLE" />
187-->[com.google.firebase:firebase-auth:22.1.2] AndroidManifest.xml:39:17-78
187-->[com.google.firebase:firebase-auth:22.1.2] AndroidManifest.xml:39:27-75
188
189                <data
189-->[com.google.firebase:firebase-auth:22.1.2] AndroidManifest.xml:41:17-44:51
190                    android:host="firebase.auth"
190-->[com.google.firebase:firebase-auth:22.1.2] AndroidManifest.xml:42:21-49
191                    android:path="/"
191-->[com.google.firebase:firebase-auth:22.1.2] AndroidManifest.xml:43:21-37
192                    android:scheme="genericidp" />
192-->[com.google.firebase:firebase-auth:22.1.2] AndroidManifest.xml:44:21-48
193            </intent-filter>
194        </activity>
195        <activity
195-->[com.google.firebase:firebase-auth:22.1.2] AndroidManifest.xml:47:9-64:20
196            android:name="com.google.firebase.auth.internal.RecaptchaActivity"
196-->[com.google.firebase:firebase-auth:22.1.2] AndroidManifest.xml:48:13-79
197            android:excludeFromRecents="true"
197-->[com.google.firebase:firebase-auth:22.1.2] AndroidManifest.xml:49:13-46
198            android:exported="true"
198-->[com.google.firebase:firebase-auth:22.1.2] AndroidManifest.xml:50:13-36
199            android:launchMode="singleTask"
199-->[com.google.firebase:firebase-auth:22.1.2] AndroidManifest.xml:51:13-44
200            android:theme="@android:style/Theme.Translucent.NoTitleBar" >
200-->[com.google.firebase:firebase-auth:22.1.2] AndroidManifest.xml:52:13-72
201            <intent-filter>
201-->[com.google.firebase:firebase-auth:22.1.2] AndroidManifest.xml:53:13-63:29
202                <action android:name="android.intent.action.VIEW" />
202-->[com.google.firebase:firebase-auth:22.1.2] AndroidManifest.xml:36:17-69
202-->[com.google.firebase:firebase-auth:22.1.2] AndroidManifest.xml:36:25-66
203
204                <category android:name="android.intent.category.DEFAULT" />
204-->src/main/AndroidManifest.xml:41:17-76
204-->src/main/AndroidManifest.xml:41:27-73
205                <category android:name="android.intent.category.BROWSABLE" />
205-->[com.google.firebase:firebase-auth:22.1.2] AndroidManifest.xml:39:17-78
205-->[com.google.firebase:firebase-auth:22.1.2] AndroidManifest.xml:39:27-75
206
207                <data
207-->[com.google.firebase:firebase-auth:22.1.2] AndroidManifest.xml:41:17-44:51
208                    android:host="firebase.auth"
208-->[com.google.firebase:firebase-auth:22.1.2] AndroidManifest.xml:42:21-49
209                    android:path="/"
209-->[com.google.firebase:firebase-auth:22.1.2] AndroidManifest.xml:43:21-37
210                    android:scheme="recaptcha" />
210-->[com.google.firebase:firebase-auth:22.1.2] AndroidManifest.xml:44:21-48
211            </intent-filter>
212        </activity>
213
214        <uses-library
214-->[androidx.window:window:1.0.0-beta04] AndroidManifest.xml:25:9-27:40
215            android:name="androidx.window.extensions"
215-->[androidx.window:window:1.0.0-beta04] AndroidManifest.xml:26:13-54
216            android:required="false" />
216-->[androidx.window:window:1.0.0-beta04] AndroidManifest.xml:27:13-37
217        <uses-library
217-->[androidx.window:window:1.0.0-beta04] AndroidManifest.xml:28:9-30:40
218            android:name="androidx.window.sidecar"
218-->[androidx.window:window:1.0.0-beta04] AndroidManifest.xml:29:13-51
219            android:required="false" /> <!-- Needs to be explicitly declared on P+ -->
219-->[androidx.window:window:1.0.0-beta04] AndroidManifest.xml:30:13-37
220        <uses-library
220-->[com.google.android.gms:play-services-maps:18.1.0] AndroidManifest.xml:39:9-41:40
221            android:name="org.apache.http.legacy"
221-->[com.google.android.gms:play-services-maps:18.1.0] AndroidManifest.xml:40:13-50
222            android:required="false" />
222-->[com.google.android.gms:play-services-maps:18.1.0] AndroidManifest.xml:41:13-37
223
224        <receiver
224-->[com.google.firebase:firebase-messaging:23.2.1] AndroidManifest.xml:29:9-36:20
225            android:name="com.google.firebase.iid.FirebaseInstanceIdReceiver"
225-->[com.google.firebase:firebase-messaging:23.2.1] AndroidManifest.xml:30:13-78
226            android:exported="true"
226-->[com.google.firebase:firebase-messaging:23.2.1] AndroidManifest.xml:31:13-36
227            android:permission="com.google.android.c2dm.permission.SEND" >
227-->[com.google.firebase:firebase-messaging:23.2.1] AndroidManifest.xml:32:13-73
228            <intent-filter>
228-->[:firebase_messaging] AndroidManifest.xml:30:13-32:29
229                <action android:name="com.google.android.c2dm.intent.RECEIVE" />
229-->[:firebase_messaging] AndroidManifest.xml:31:17-81
229-->[:firebase_messaging] AndroidManifest.xml:31:25-78
230            </intent-filter>
231        </receiver>
232        <!--
233             FirebaseMessagingService performs security checks at runtime,
234             but set to not exported to explicitly avoid allowing another app to call it.
235        -->
236        <service
236-->[com.google.firebase:firebase-messaging:23.2.1] AndroidManifest.xml:42:9-49:19
237            android:name="com.google.firebase.messaging.FirebaseMessagingService"
237-->[com.google.firebase:firebase-messaging:23.2.1] AndroidManifest.xml:43:13-82
238            android:directBootAware="true"
238-->[com.google.firebase:firebase-messaging:23.2.1] AndroidManifest.xml:44:13-43
239            android:exported="false" >
239-->[com.google.firebase:firebase-messaging:23.2.1] AndroidManifest.xml:45:13-37
240            <intent-filter android:priority="-500" >
240-->[:firebase_messaging] AndroidManifest.xml:21:13-23:29
241                <action android:name="com.google.firebase.MESSAGING_EVENT" />
241-->[:firebase_messaging] AndroidManifest.xml:22:17-78
241-->[:firebase_messaging] AndroidManifest.xml:22:25-75
242            </intent-filter>
243        </service>
244
245        <provider
245-->[com.google.firebase:firebase-common:20.3.3] AndroidManifest.xml:25:9-30:39
246            android:name="com.google.firebase.provider.FirebaseInitProvider"
246-->[com.google.firebase:firebase-common:20.3.3] AndroidManifest.xml:26:13-77
247            android:authorities="com.example.keri_challenge.firebaseinitprovider"
247-->[com.google.firebase:firebase-common:20.3.3] AndroidManifest.xml:27:13-72
248            android:directBootAware="true"
248-->[com.google.firebase:firebase-common:20.3.3] AndroidManifest.xml:28:13-43
249            android:exported="false"
249-->[com.google.firebase:firebase-common:20.3.3] AndroidManifest.xml:29:13-37
250            android:initOrder="100" />
250-->[com.google.firebase:firebase-common:20.3.3] AndroidManifest.xml:30:13-36
251
252        <activity
252-->[com.google.android.gms:play-services-base:18.1.0] AndroidManifest.xml:20:9-22:45
253            android:name="com.google.android.gms.common.api.GoogleApiActivity"
253-->[com.google.android.gms:play-services-base:18.1.0] AndroidManifest.xml:20:19-85
254            android:exported="false"
254-->[com.google.android.gms:play-services-base:18.1.0] AndroidManifest.xml:22:19-43
255            android:theme="@android:style/Theme.Translucent.NoTitleBar" />
255-->[com.google.android.gms:play-services-base:18.1.0] AndroidManifest.xml:21:19-78
256
257        <receiver
257-->[com.google.android.gms:play-services-measurement:21.3.0] AndroidManifest.xml:29:9-33:20
258            android:name="com.google.android.gms.measurement.AppMeasurementReceiver"
258-->[com.google.android.gms:play-services-measurement:21.3.0] AndroidManifest.xml:30:13-85
259            android:enabled="true"
259-->[com.google.android.gms:play-services-measurement:21.3.0] AndroidManifest.xml:31:13-35
260            android:exported="false" >
260-->[com.google.android.gms:play-services-measurement:21.3.0] AndroidManifest.xml:32:13-37
261        </receiver>
262
263        <service
263-->[com.google.android.gms:play-services-measurement:21.3.0] AndroidManifest.xml:35:9-38:40
264            android:name="com.google.android.gms.measurement.AppMeasurementService"
264-->[com.google.android.gms:play-services-measurement:21.3.0] AndroidManifest.xml:36:13-84
265            android:enabled="true"
265-->[com.google.android.gms:play-services-measurement:21.3.0] AndroidManifest.xml:37:13-35
266            android:exported="false" />
266-->[com.google.android.gms:play-services-measurement:21.3.0] AndroidManifest.xml:38:13-37
267        <service
267-->[com.google.android.gms:play-services-measurement:21.3.0] AndroidManifest.xml:39:9-43:72
268            android:name="com.google.android.gms.measurement.AppMeasurementJobService"
268-->[com.google.android.gms:play-services-measurement:21.3.0] AndroidManifest.xml:40:13-87
269            android:enabled="true"
269-->[com.google.android.gms:play-services-measurement:21.3.0] AndroidManifest.xml:41:13-35
270            android:exported="false"
270-->[com.google.android.gms:play-services-measurement:21.3.0] AndroidManifest.xml:42:13-37
271            android:permission="android.permission.BIND_JOB_SERVICE" />
271-->[com.google.android.gms:play-services-measurement:21.3.0] AndroidManifest.xml:43:13-69
272
273        <meta-data
273-->[com.google.android.gms:play-services-basement:18.1.0] AndroidManifest.xml:21:9-23:69
274            android:name="com.google.android.gms.version"